2017-09-24 12:56:58,003 system_cpu_usage 2.849873 % 5 Yes mean NIL
2017-09-24 12:56:58,003 user_cpu_usage 25.139949 % 5 Yes mean NIL
2017-09-24 12:56:58,004 load_avg 0.590000 count 5 no mean NIL
2017-09-24 12:56:58,004 run_queue_length 1.000000 count 0 No - NIL
2017-09-24 12:56:58,004 total#process 222.000000 count 0 No - NIL
2017-09-24 12:56:58,004 #running_process 1.000000 count 0 No - NIL
2017-09-24 12:56:58,004 #sleeping_process 220.000000 count 0 No - NIL
2017-09-24 12:56:58,004 #threads 499.000000 count 0 No - NIL
2017-09-24 12:56:58,004 #blocked_process 0.000000 count 0 No - NIL
2017-09-24 12:56:58,004 used_physical_memory 21.913137 % 0 No - NIL
2017-09-24 12:56:58,004 unused_physical_memory 78.086863 % 0 No - NIL
2017-09-24 12:56:58,004 swap-in 0.000000 count 5 Yes total NIL
2017-09-24 12:56:58,004 swap-out 0.000000 count 5 Yes total NIL
2017-09-24 12:56:58,004 page-in 0.000000 count 5 Yes total NIL
2017-09-24 12:56:58,004 page-out 108.000000 count 5 Yes total NIL
2017-09-24 12:56:58,004 swap-allocated 969809920.000000  0 No - NIL
2017-09-24 12:56:58,004 #physical_disk_read 0.000000 count 5 Yes mean NIL
2017-09-24 12:56:58,004 #physical_disk_write 0.800000 count 5 Yes mean NIL
2017-09-24 12:56:58,005 amount_physical_disk_read 0.000000 bytes 5 Yes mean NIL
2017-09-24 12:56:58,005 amount_physical_disk_write 94208.000000 bytes 5 Yes mean NIL
2017-09-24 12:56:58,005 disk_busy_time 0.960000 % 5 Yes mean NIL
2017-09-24 12:56:58,005 total#incoming_packages 474.400000 count 5 Yes mean NIL
2017-09-24 12:56:58,005 total#outgoing_packages 111.800000 count 5 Yes mean NIL
2017-09-24 12:56:58,005 size_of_incoming_packages 707276.800000 bytes 5 Yes mean NIL
2017-09-24 12:56:58,005 size_of_outgoing_packages 12550.000000 bytes 5 Yes mean NIL
2017-09-24 12:57:50,438 system_cpu_usage 2.646310 % 5 Yes mean NIL
2017-09-24 12:57:50,438 user_cpu_usage 24.987277 % 5 Yes mean NIL
2017-09-24 12:57:50,438 load_avg 0.600000 count 5 no mean NIL
2017-09-24 12:57:50,438 run_queue_length 1.000000 count 0 No - NIL
2017-09-24 12:57:50,438 total#process 220.000000 count 0 No - NIL
2017-09-24 12:57:50,438 #running_process 1.000000 count 0 No - NIL
2017-09-24 12:57:50,438 #sleeping_process 217.000000 count 0 No - NIL
2017-09-24 12:57:50,438 #threads 467.000000 count 0 No - NIL
2017-09-24 12:57:50,438 #blocked_process 0.000000 count 0 No - NIL
2017-09-24 12:57:50,438 used_physical_memory 21.727368 % 0 No - NIL
2017-09-24 12:57:50,438 unused_physical_memory 78.272632 % 0 No - NIL
2017-09-24 12:57:50,438 swap-in 0.000000 count 5 Yes total NIL
2017-09-24 12:57:50,438 swap-out 0.000000 count 5 Yes total NIL
2017-09-24 12:57:50,438 page-in 0.000000 count 5 Yes total NIL
2017-09-24 12:57:50,439 page-out 0.000000 count 5 Yes total NIL
2017-09-24 12:57:50,439 swap-allocated 969809920.000000  0 No - NIL
2017-09-24 12:57:50,439 #physical_disk_read 0.000000 count 5 Yes mean NIL
2017-09-24 12:57:50,439 #physical_disk_write 0.000000 count 5 Yes mean NIL
2017-09-24 12:57:50,439 amount_physical_disk_read 0.000000 bytes 5 Yes mean NIL
2017-09-24 12:57:50,439 amount_physical_disk_write 20480.000000 bytes 5 Yes mean NIL
2017-09-24 12:57:50,439 disk_busy_time 0.000000 % 5 Yes mean NIL
2017-09-24 12:57:50,439 total#incoming_packages 479.800000 count 5 Yes mean NIL
2017-09-24 12:57:50,439 total#outgoing_packages 106.800000 count 5 Yes mean NIL
2017-09-24 12:57:50,439 size_of_incoming_packages 719771.400000 bytes 5 Yes mean NIL
2017-09-24 12:57:50,439 size_of_outgoing_packages 11428.200000 bytes 5 Yes mean NIL
2017-09-24 13:00:31,071 system_cpu_usage 1.674277 % 5 Yes mean NIL
2017-09-24 13:00:31,071 user_cpu_usage 18.619990 % 5 Yes mean NIL
2017-09-24 13:00:31,071 load_avg 0.580000 count 5 no mean NIL
2017-09-24 13:00:31,071 run_queue_length 1.000000 count 0 No - NIL
2017-09-24 13:00:31,071 total#process 214.000000 count 0 No - NIL
2017-09-24 13:00:31,071 #running_process 1.000000 count 0 No - NIL
2017-09-24 13:00:31,071 #sleeping_process 212.000000 count 0 No - NIL
2017-09-24 13:00:31,071 #threads 496.000000 count 0 No - NIL
2017-09-24 13:00:31,071 #blocked_process 0.000000 count 0 No - NIL
2017-09-24 13:00:31,071 used_physical_memory 25.317792 % 0 No - NIL
2017-09-24 13:00:31,071 unused_physical_memory 74.682208 % 0 No - NIL
2017-09-24 13:00:31,071 swap-in 0.000000 count 5 Yes total NIL
2017-09-24 13:00:31,071 swap-out 0.000000 count 5 Yes total NIL
2017-09-24 13:00:31,071 page-in 0.000000 count 5 Yes total NIL
2017-09-24 13:00:31,071 page-out 256.000000 count 5 Yes total NIL
2017-09-24 13:00:31,071 swap-allocated 969809920.000000  0 No - NIL
2017-09-24 13:00:31,072 #physical_disk_read 0.000000 count 5 Yes mean NIL
2017-09-24 13:00:31,072 #physical_disk_write 1.000000 count 5 Yes mean NIL
2017-09-24 13:00:31,072 amount_physical_disk_read 0.000000 bytes 5 Yes mean NIL
2017-09-24 13:00:31,072 amount_physical_disk_write 225280.000000 bytes 5 Yes mean NIL
2017-09-24 13:00:31,072 disk_busy_time 0.880000 % 5 Yes mean NIL
2017-09-24 13:00:31,072 total#incoming_packages 371.000000 count 5 Yes mean NIL
2017-09-24 13:00:31,072 total#outgoing_packages 77.800000 count 5 Yes mean NIL
2017-09-24 13:00:31,072 size_of_incoming_packages 556046.800000 bytes 5 Yes mean NIL
2017-09-24 13:00:31,072 size_of_outgoing_packages 8760.400000 bytes 5 Yes mean NIL
2017-09-24 13:06:30,785 system_cpu_usage 2.092905 % 5 Yes mean NIL
2017-09-24 13:06:30,785 user_cpu_usage 17.764165 % 5 Yes mean NIL
2017-09-24 13:06:30,785 load_avg 0.760000 count 5 no mean NIL
2017-09-24 13:06:30,785 run_queue_length 1.000000 count 0 No - NIL
2017-09-24 13:06:30,785 total#process 221.000000 count 0 No - NIL
2017-09-24 13:06:30,786 #running_process 1.000000 count 0 No - NIL
2017-09-24 13:06:30,786 #sleeping_process 217.000000 count 0 No - NIL
2017-09-24 13:06:30,786 #threads 579.000000 count 0 No - NIL
2017-09-24 13:06:30,786 #blocked_process 0.000000 count 0 No - NIL
2017-09-24 13:06:30,786 used_physical_memory 36.366897 % 0 No - NIL
2017-09-24 13:06:30,786 unused_physical_memory 63.633103 % 0 No - NIL
2017-09-24 13:06:30,786 swap-in 0.000000 count 5 Yes total NIL
2017-09-24 13:06:30,786 swap-out 0.000000 count 5 Yes total NIL
2017-09-24 13:06:30,786 page-in 0.000000 count 5 Yes total NIL
2017-09-24 13:06:30,786 page-out 68.000000 count 5 Yes total NIL
2017-09-24 13:06:30,786 swap-allocated 969809920.000000  0 No - NIL
2017-09-24 13:06:30,786 #physical_disk_read 0.000000 count 5 Yes mean NIL
2017-09-24 13:06:30,786 #physical_disk_write 0.600000 count 5 Yes mean NIL
2017-09-24 13:06:30,786 amount_physical_disk_read 0.000000 bytes 5 Yes mean NIL
2017-09-24 13:06:30,786 amount_physical_disk_write 57344.000000 bytes 5 Yes mean NIL
2017-09-24 13:06:30,786 disk_busy_time 0.400000 % 5 Yes mean NIL
2017-09-24 13:06:30,786 total#incoming_packages 382.000000 count 5 Yes mean NIL
2017-09-24 13:06:30,786 total#outgoing_packages 81.400000 count 5 Yes mean NIL
2017-09-24 13:06:30,786 size_of_incoming_packages 569179.400000 bytes 5 Yes mean NIL
2017-09-24 13:06:30,786 size_of_outgoing_packages 8417.000000 bytes 5 Yes mean NIL
2017-09-24 13:09:38,438 system_cpu_usage 4.812030 % 5 Yes mean NIL
2017-09-24 13:09:38,438 user_cpu_usage 34.987469 % 5 Yes mean NIL
2017-09-24 13:09:38,438 load_avg 0.930000 count 5 no mean NIL
2017-09-24 13:09:38,439 run_queue_length 1.000000 count 0 No - NIL
2017-09-24 13:09:38,439 total#process 222.000000 count 0 No - NIL
2017-09-24 13:09:38,439 #running_process 1.000000 count 0 No - NIL
2017-09-24 13:09:38,439 #sleeping_process 219.000000 count 0 No - NIL
2017-09-24 13:09:38,439 #threads 577.000000 count 0 No - NIL
2017-09-24 13:09:38,439 #blocked_process 0.000000 count 0 No - NIL
2017-09-24 13:09:38,439 used_physical_memory 35.228236 % 0 No - NIL
2017-09-24 13:09:38,439 unused_physical_memory 64.771764 % 0 No - NIL
2017-09-24 13:09:38,439 swap-in 0.000000 count 5 Yes total NIL
2017-09-24 13:09:38,439 swap-out 0.000000 count 5 Yes total NIL
2017-09-24 13:09:38,439 page-in 8.000000 count 5 Yes total NIL
2017-09-24 13:09:38,439 page-out 612.000000 count 5 Yes total NIL
2017-09-24 13:09:38,439 swap-allocated 969809920.000000  0 No - NIL
2017-09-24 13:09:38,439 #physical_disk_read 0.400000 count 5 Yes mean NIL
2017-09-24 13:09:38,439 #physical_disk_write 12.000000 count 5 Yes mean NIL
2017-09-24 13:09:38,440 amount_physical_disk_read 8192.000000 bytes 5 Yes mean NIL
2017-09-24 13:09:38,440 amount_physical_disk_write 454656.000000 bytes 5 Yes mean NIL
2017-09-24 13:09:38,440 disk_busy_time 7.680000 % 5 Yes mean NIL
2017-09-24 13:09:38,440 total#incoming_packages 576.200000 count 5 Yes mean NIL
2017-09-24 13:09:38,440 total#outgoing_packages 119.400000 count 5 Yes mean NIL
2017-09-24 13:09:38,440 size_of_incoming_packages 866116.800000 bytes 5 Yes mean NIL
2017-09-24 13:09:38,440 size_of_outgoing_packages 11804.600000 bytes 5 Yes mean NIL
2017-09-24 13:10:38,475 system_cpu_usage 3.215926 % 5 Yes mean NIL
2017-09-24 13:10:38,475 user_cpu_usage 30.372639 % 5 Yes mean NIL
2017-09-24 13:10:38,475 load_avg 1.050000 count 5 no mean NIL
2017-09-24 13:10:38,475 run_queue_length 4.000000 count 0 No - NIL
2017-09-24 13:10:38,475 total#process 224.000000 count 0 No - NIL
2017-09-24 13:10:38,475 #running_process 4.000000 count 0 No - NIL
2017-09-24 13:10:38,475 #sleeping_process 222.000000 count 0 No - NIL
2017-09-24 13:10:38,476 #threads 576.000000 count 0 No - NIL
2017-09-24 13:10:38,476 #blocked_process 0.000000 count 0 No - NIL
2017-09-24 13:10:38,476 used_physical_memory 35.705850 % 0 No - NIL
2017-09-24 13:10:38,476 unused_physical_memory 64.294150 % 0 No - NIL
2017-09-24 13:10:38,476 swap-in 0.000000 count 5 Yes total NIL
2017-09-24 13:10:38,476 swap-out 0.000000 count 5 Yes total NIL
2017-09-24 13:10:38,476 page-in 0.000000 count 5 Yes total NIL
2017-09-24 13:10:38,476 page-out 324.000000 count 5 Yes total NIL
2017-09-24 13:10:38,476 swap-allocated 969809920.000000  0 No - NIL
2017-09-24 13:10:38,476 #physical_disk_read 0.000000 count 5 Yes mean NIL
2017-09-24 13:10:38,476 #physical_disk_write 10.200000 count 5 Yes mean NIL
2017-09-24 13:10:38,476 amount_physical_disk_read 0.000000 bytes 5 Yes mean NIL
2017-09-24 13:10:38,476 amount_physical_disk_write 188416.000000 bytes 5 Yes mean NIL
2017-09-24 13:10:38,476 disk_busy_time 6.000000 % 5 Yes mean NIL
2017-09-24 13:10:38,477 total#incoming_packages 480.200000 count 5 Yes mean NIL
2017-09-24 13:10:38,477 total#outgoing_packages 93.600000 count 5 Yes mean NIL
2017-09-24 13:10:38,477 size_of_incoming_packages 721961.200000 bytes 5 Yes mean NIL
2017-09-24 13:10:38,477 size_of_outgoing_packages 9701.400000 bytes 5 Yes mean NIL
2017-09-24 13:12:28,895 system_cpu_usage 2.486048 % 5 Yes mean NIL
2017-09-24 13:12:28,895 user_cpu_usage 13.800101 % 5 Yes mean NIL
2017-09-24 13:12:28,895 load_avg 1.180000 count 5 no mean NIL
2017-09-24 13:12:28,895 run_queue_length 1.000000 count 0 No - NIL
2017-09-24 13:12:28,895 total#process 211.000000 count 0 No - NIL
2017-09-24 13:12:28,896 #running_process 1.000000 count 0 No - NIL
2017-09-24 13:12:28,896 #sleeping_process 209.000000 count 0 No - NIL
2017-09-24 13:12:28,896 #threads 462.000000 count 0 No - NIL
2017-09-24 13:12:28,896 #blocked_process 0.000000 count 0 No - NIL
2017-09-24 13:12:28,896 used_physical_memory 24.916245 % 0 No - NIL
2017-09-24 13:12:28,896 unused_physical_memory 75.083755 % 0 No - NIL
2017-09-24 13:12:28,896 swap-in 0.000000 count 5 Yes total NIL
2017-09-24 13:12:28,896 swap-out 0.000000 count 5 Yes total NIL
2017-09-24 13:12:28,896 page-in 36.000000 count 5 Yes total NIL
2017-09-24 13:12:28,896 page-out 72.000000 count 5 Yes total NIL
2017-09-24 13:12:28,896 swap-allocated 969809920.000000  0 No - NIL
2017-09-24 13:12:28,896 #physical_disk_read 1.000000 count 5 Yes mean NIL
2017-09-24 13:12:28,896 #physical_disk_write 0.600000 count 5 Yes mean NIL
2017-09-24 13:12:28,896 amount_physical_disk_read 36864.000000 bytes 5 Yes mean NIL
2017-09-24 13:12:28,896 amount_physical_disk_write 61440.000000 bytes 5 Yes mean NIL
2017-09-24 13:12:28,896 disk_busy_time 1.360000 % 5 Yes mean NIL
2017-09-24 13:12:28,896 total#incoming_packages 160.000000 count 5 Yes mean NIL
2017-09-24 13:12:28,896 total#outgoing_packages 36.000000 count 5 Yes mean NIL
2017-09-24 13:12:28,896 size_of_incoming_packages 233543.600000 bytes 5 Yes mean NIL
2017-09-24 13:12:28,896 size_of_outgoing_packages 4590.400000 bytes 5 Yes mean NIL
