2017-10-17 10:22:05,960 system_cpu_usage 0.895077 % 5 Yes mean NIL guihaomin-Inspiron-5547
2017-10-17 10:22:05,961 user_cpu_usage 0.546992 % 5 Yes mean NIL guihaomin-Inspiron-5547
2017-10-17 10:22:05,961 load_avg 0.570000 count 5 no mean NIL guihaomin-Inspiron-5547
2017-10-17 10:22:05,961 run_queue_length 1.000000 count 0 No - NIL guihaomin-Inspiron-5547
2017-10-17 10:22:05,961 total#process 233.000000 count 0 No - NIL guihaomin-Inspiron-5547
2017-10-17 10:22:05,961 #running_process 1.000000 count 0 No - NIL guihaomin-Inspiron-5547
2017-10-17 10:22:05,961 #sleeping_process 231.000000 count 0 No - NIL guihaomin-Inspiron-5547
2017-10-17 10:22:05,961 #threads 617.000000 count 0 No - NIL guihaomin-Inspiron-5547
2017-10-17 10:22:05,961 #blocked_process 0.000000 count 0 No - NIL guihaomin-Inspiron-5547
2017-10-17 10:22:05,961 used_physical_memory 41.219100 % 0 No - NIL guihaomin-Inspiron-5547
2017-10-17 10:22:05,961 unused_physical_memory 58.780900 % 0 No - NIL guihaomin-Inspiron-5547
2017-10-17 10:22:05,961 swap-in 0.000000 count 5 Yes mean NIL guihaomin-Inspiron-5547
2017-10-17 10:22:05,961 swap-out 0.000000 count 5 Yes mean NIL guihaomin-Inspiron-5547
2017-10-17 10:22:05,961 page-in 0.000000 count 5 Yes mean NIL guihaomin-Inspiron-5547
2017-10-17 10:22:05,962 page-out 9.600000 count 5 Yes mean NIL guihaomin-Inspiron-5547
2017-10-17 10:22:05,962 swap-allocated 969809920.000000 byte 0 No - NIL guihaomin-Inspiron-5547
2017-10-17 10:22:05,962 #physical_disk_read 0.000000 count 5 Yes mean NIL guihaomin-Inspiron-5547
2017-10-17 10:22:05,962 #physical_disk_write 2.000000 count 5 Yes mean NIL guihaomin-Inspiron-5547
2017-10-17 10:22:05,962 amount_physical_disk_read 0.000000 bytes 5 Yes mean NIL guihaomin-Inspiron-5547
2017-10-17 10:22:05,962 amount_physical_disk_write 0.000000 bytes 5 Yes mean NIL guihaomin-Inspiron-5547
2017-10-17 10:22:05,962 disk_busy_time 0.000000 % 5 Yes mean NIL guihaomin-Inspiron-5547
2017-10-17 10:22:05,962 total#incoming_packages 2.400000 count 5 Yes mean NIL guihaomin-Inspiron-5547
2017-10-17 10:22:05,962 total#outgoing_packages 6.000000 count 5 Yes mean NIL guihaomin-Inspiron-5547
2017-10-17 10:22:05,962 size_of_incoming_packages 205.000000 bytes 5 Yes mean NIL guihaomin-Inspiron-5547
2017-10-17 10:22:05,962 size_of_outgoing_packages 526.400000 bytes 5 Yes mean NIL guihaomin-Inspiron-5547
2017-10-17 10:22:05,962 #connections 89.000000 count 0 No - NIL guihaomin-Inspiron-5547
2017-10-17 10:22:05,962 #disconnections 1.000000 count 5 No - NIL guihaomin-Inspiron-5547
